[2025-04-03 07:24:47.264] [info] Using configuration file /home/zatch/.config/waybar/config.jsonc
[2025-04-03 07:24:47.264] [info] Including resource file: ~/.config/waybar/modules.json
[2025-04-03 07:24:47.266] [info] Unable to receive desktop appearance: GDBus.Error:org.freedesktop.DBus.Error.UnknownMethod: No such interface “org.freedesktop.portal.Settings” on object at path /org/freedesktop/portal/desktop
[2025-04-03 07:24:47.266] [info] Using CSS file /home/zatch/.config/waybar/style.css
[2025-04-03 07:24:47.273] [info] Hyprland IPC starting
[2025-04-03 07:24:47.274] [info] Loading persistent workspaces from Hyprland workspace rules
[2025-04-03 07:24:47.277] [warning] No battery named BAT2
[2025-04-03 07:24:47.468] [warning] Requested height: 5 is less than the minimum height: 52 required by the modules
[2025-04-03 07:24:47.468] [info] Bar configured (width: 1920, height: 52) for output: eDP-1
[2025-04-03 07:24:55.504] [info] Quitting.
[2025-04-03 07:24:55.507] [info] Hyprland IPC stopping...
[2025-04-03 07:25:46.778] [info] Using configuration file /home/zatch/.config/waybar/config.jsonc
[2025-04-03 07:25:46.778] [info] Including resource file: ~/.config/waybar/modules.json
[2025-04-03 07:25:46.780] [info] Unable to receive desktop appearance: GDBus.Error:org.freedesktop.DBus.Error.UnknownMethod: No such interface “org.freedesktop.portal.Settings” on object at path /org/freedesktop/portal/desktop
[2025-04-03 07:25:46.780] [info] Using CSS file /home/zatch/.config/waybar/style.css
[2025-04-03 07:25:46.787] [info] Hyprland IPC starting
[2025-04-03 07:25:46.788] [info] Loading persistent workspaces from Hyprland workspace rules
[2025-04-03 07:25:46.792] [warning] No battery named BAT2
[2025-04-03 07:25:46.985] [warning] Requested height: 5 is less than the minimum height: 52 required by the modules
[2025-04-03 07:25:46.985] [info] Bar configured (width: 1920, height: 52) for output: eDP-1
[2025-04-03 07:27:19.965] [info] Using configuration file /home/zatch/.config/waybar/config.jsonc
[2025-04-03 07:27:19.965] [info] Including resource file: ~/.config/waybar/modules.json
[2025-04-03 07:27:19.966] [info] Unable to receive desktop appearance: GDBus.Error:org.freedesktop.DBus.Error.UnknownMethod: No such interface “org.freedesktop.portal.Settings” on object at path /org/freedesktop/portal/desktop
[2025-04-03 07:27:19.966] [info] Using CSS file /home/zatch/.config/waybar/style.css
[2025-04-03 07:27:19.974] [info] Hyprland IPC starting
[2025-04-03 07:27:19.974] [info] Loading persistent workspaces from Hyprland workspace rules
[2025-04-03 07:27:19.978] [warning] No battery named BAT2
[2025-04-03 07:27:20.172] [warning] Requested height: 5 is less than the minimum height: 52 required by the modules
[2025-04-03 07:27:20.172] [info] Bar configured (width: 1920, height: 52) for output: eDP-1
[2025-04-03 07:27:41.350] [info] Quitting.
[2025-04-03 07:27:41.356] [info] Hyprland IPC stopping...
[2025-04-03 07:56:41.301] [info] Using configuration file /home/zatch/.config/waybar/config.jsonc
[2025-04-03 07:56:41.301] [info] Including resource file: ~/.config/waybar/modules.json
[2025-04-03 07:56:41.304] [info] Unable to receive desktop appearance: GDBus.Error:org.freedesktop.DBus.Error.UnknownMethod: No such interface “org.freedesktop.portal.Settings” on object at path /org/freedesktop/portal/desktop
[2025-04-03 07:56:41.304] [info] Using CSS file /home/zatch/.config/waybar/style.css
[2025-04-03 07:56:41.311] [info] Hyprland IPC starting
[2025-04-03 07:56:41.311] [info] Loading persistent workspaces from Hyprland workspace rules
[2025-04-03 07:56:41.315] [warning] No battery named BAT2
[2025-04-03 07:56:41.523] [warning] Requested height: 5 is less than the minimum height: 52 required by the modules
[2025-04-03 07:56:41.523] [info] Bar configured (width: 1920, height: 52) for output: eDP-1

** (waybar:8921): WARNING **: 08:31:40.518: Status Notifier Item with bus name ':1.103' and object path '/org/ayatana/NotificationItem/xpad' is already registered

** (waybar:8921): WARNING **: 08:31:40.520: Status Notifier Host with bus name ':1.137' and object path '/StatusNotifierHost/0' is already registered

** (waybar:8921): WARNING **: 08:32:09.286: Status Notifier Item with bus name ':1.103' and object path '/org/ayatana/NotificationItem/xpad' is already registered

** (waybar:8921): WARNING **: 08:32:09.287: Status Notifier Host with bus name ':1.137' and object path '/StatusNotifierHost/0' is already registered

** (waybar:8921): WARNING **: 08:32:49.868: Status Notifier Item with bus name ':1.103' and object path '/org/ayatana/NotificationItem/xpad' is already registered

** (waybar:8921): WARNING **: 08:32:49.870: Status Notifier Host with bus name ':1.137' and object path '/StatusNotifierHost/0' is already registered

** (waybar:8921): WARNING **: 08:33:24.355: Status Notifier Item with bus name ':1.103' and object path '/org/ayatana/NotificationItem/xpad' is already registered

** (waybar:8921): WARNING **: 08:33:24.355: Status Notifier Host with bus name ':1.137' and object path '/StatusNotifierHost/0' is already registered
[2025-04-03 08:33:32.333] [info] Using configuration file /home/zatch/.config/waybar/config.jsonc
[2025-04-03 08:33:32.333] [info] Including resource file: ~/.config/waybar/modules.json
[2025-04-03 08:33:32.334] [info] Unable to receive desktop appearance: GDBus.Error:org.freedesktop.DBus.Error.UnknownMethod: No such interface “org.freedesktop.portal.Settings” on object at path /org/freedesktop/portal/desktop
[2025-04-03 08:33:32.334] [info] Using CSS file /home/zatch/.config/waybar/style.css
[2025-04-03 08:33:32.343] [info] Hyprland IPC starting
[2025-04-03 08:33:32.345] [info] Loading persistent workspaces from Hyprland workspace rules
[2025-04-03 08:33:32.350] [warning] No battery named BAT2
[2025-04-03 08:33:32.732] [warning] Requested height: 5 is less than the minimum height: 52 required by the modules
[2025-04-03 08:33:32.732] [info] Bar configured (width: 1920, height: 52) for output: eDP-1
[2025-04-03 08:43:07.322] [info] Hyprland config reloaded, reinitializing hyprland/workspaces module...
[2025-04-03 08:43:07.330] [info] Loading persistent workspaces from Hyprland workspace rules
[2025-04-05 09:24:51.268] [info] Using configuration file /home/zatch/.config/waybar/config.jsonc
[2025-04-05 09:24:51.275] [info] Including resource file: ~/.config/waybar/modules.json
[2025-04-05 09:24:51.277] [info] Unable to receive desktop appearance: GDBus.Error:org.freedesktop.DBus.Error.UnknownMethod: No such interface “org.freedesktop.portal.Settings” on object at path /org/freedesktop/portal/desktop
[2025-04-05 09:24:51.277] [info] Using CSS file /home/zatch/.config/waybar/style.css
[2025-04-05 09:24:51.287] [info] Hyprland IPC starting
[2025-04-05 09:24:51.287] [info] Loading persistent workspaces from Hyprland workspace rules
[2025-04-05 09:24:51.291] [warning] No battery named BAT2
[2025-04-05 09:24:51.658] [warning] Requested height: 5 is less than the minimum height: 52 required by the modules
[2025-04-05 09:24:51.658] [info] Bar configured (width: 1920, height: 52) for output: eDP-1
[2025-04-05 09:25:27.603] [info] Hyprland config reloaded, reinitializing hyprland/workspaces module...
[2025-04-05 09:25:27.616] [info] Loading persistent workspaces from Hyprland workspace rules
[2025-04-05 13:28:11.301] [info] Using configuration file /home/zatch/.config/waybar/config.jsonc
[2025-04-05 13:28:11.301] [info] Including resource file: ~/.config/waybar/modules.json
[2025-04-05 13:28:11.303] [info] Unable to receive desktop appearance: GDBus.Error:org.freedesktop.DBus.Error.UnknownMethod: No such interface “org.freedesktop.portal.Settings” on object at path /org/freedesktop/portal/desktop
[2025-04-05 13:28:11.304] [info] Using CSS file /home/zatch/.config/waybar/style.css
[2025-04-05 13:28:11.313] [info] Hyprland IPC starting
[2025-04-05 13:28:11.314] [info] Loading persistent workspaces from Hyprland workspace rules
[2025-04-05 13:28:11.317] [warning] No battery named BAT2
[2025-04-05 13:28:11.512] [warning] Requested height: 5 is less than the minimum height: 52 required by the modules
[2025-04-05 13:28:11.512] [info] Bar configured (width: 1920, height: 52) for output: eDP-1

** (waybar:28208): WARNING **: 13:29:12.114: Status Notifier Item with bus name ':1.104' and object path '/org/ayatana/NotificationItem/xpad' is already registered
[2025-04-05 13:30:32.077] [info] Hyprland config reloaded, reinitializing hyprland/workspaces module...
[2025-04-05 13:30:32.083] [info] Loading persistent workspaces from Hyprland workspace rules
